<?xml version="1.0" encoding="UTF-8"?>
<!-- Generated by org.testng.reporters.JUnitReportReporter -->
<testsuite hostname="LAPTOP-CUL491K4" failures="0" tests="1" name="com.geneuineCare.healthCare.doctorTest.CreatePatientAndSearchbyNameTest" time="5.643" errors="0" timestamp="2025-03-20T23:04:57 IST" skipped="0">
  <testcase classname="com.geneuineCare.healthCare.doctorTest.CreatePatientAndSearchbyNameTest" name="createPatientAndSearchbyNameTest" time="5.643"/>
  <system-out/>
</testsuite> <!-- com.geneuineCare.healthCare.doctorTest.CreatePatientAndSearchbyNameTest -->
