<?xml version="1.0" encoding="UTF-8"?>
<!-- Generated by org.testng.reporters.JUnitReportReporter -->
<testsuite hostname="LAPTOP-CUL491K4" failures="0" tests="1" name="com.geneuineCare.healthCare.doctorTest.CreatePatientByDoctor" time="6.948" errors="0" timestamp="2025-03-17T10:51:39 IST" skipped="0">
  <testcase classname="com.geneuineCare.healthCare.doctorTest.CreatePatientByDoctor" name="createPatientTest" time="6.948"/>
  <system-out/>
</testsuite> <!-- com.geneuineCare.healthCare.doctorTest.CreatePatientByDoctor -->
