<?xml version="1.0" encoding="UTF-8"?>
<!-- Generated by org.testng.reporters.JUnitReportReporter -->
<testsuite hostname="LAPTOP-CUL491K4" failures="0" tests="1" name="com.geneuineCare.healthCare.patientTest.PatientAppointmentTest" time="11.277" errors="0" timestamp="2025-03-19T10:00:44 IST" skipped="0">
  <testcase classname="com.geneuineCare.healthCare.patientTest.PatientAppointmentTest" name="patientAppointmentTest" time="11.277"/>
  <system-out/>
</testsuite> <!-- com.geneuineCare.healthCare.patientTest.PatientAppointmentTest -->
