<?xml version="1.0" encoding="UTF-8"?>
<!-- Generated by org.testng.reporters.JUnitReportReporter -->
<testsuite hostname="LAPTOP-CUL491K4" failures="0" tests="1" name="com.geneuineCare.healthCare.patientTest.CreateAppointment" time="65.958" errors="0" timestamp="2025-03-13T10:49:25 IST" skipped="0">
  <testcase classname="com.geneuineCare.healthCare.patientTest.CreateAppointment" name="createApointment" time="65.958"/>
  <system-out/>
</testsuite> <!-- com.geneuineCare.healthCare.patientTest.CreateAppointment -->
