<?xml version="1.0" encoding="UTF-8"?>
<!-- Generated by org.testng.reporters.JUnitReportReporter -->
<testsuite hostname="LAPTOP-CUL491K4" failures="0" tests="1" name="com.geneuineCare.healthCare.doctorTest.AddMedicalHistoryByDoctorTest" time="10.641" errors="0" timestamp="2025-03-20T22:41:35 IST" skipped="0">
  <testcase classname="com.geneuineCare.healthCare.doctorTest.AddMedicalHistoryByDoctorTest" name="addMedicalHistoryByDoctorTest" time="10.641"/>
  <system-out/>
</testsuite> <!-- com.geneuineCare.healthCare.doctorTest.AddMedicalHistoryByDoctorTest -->
