<?xml version="1.0" encoding="UTF-8"?>
<!-- Generated by org.testng.reporters.JUnitReportReporter -->
<testsuite hostname="LAPTOP-CUL491K4" failures="0" tests="1" name="com.geneuineCare.healthCare.patientTest.CreatePatientAccoutnTest" time="13.790" errors="0" timestamp="2025-03-14T11:59:57 IST" skipped="0">
  <testcase classname="com.geneuineCare.healthCare.patientTest.CreatePatientAccoutnTest" name="createPatientAccoutnTest" time="13.790"/>
  <system-out/>
</testsuite> <!-- com.geneuineCare.healthCare.patientTest.CreatePatientAccoutnTest -->
