<?xml version="1.0" encoding="UTF-8"?>
<!-- Generated by org.testng.reporters.JUnitReportReporter -->
<testsuite hostname="LAPTOP-CUL491K4" failures="0" tests="2" name="com.geneuineCare.healthCare.adminTest.CreateAndDeleteDoctorbyAdminTest" time="40.677" errors="0" timestamp="2025-03-19T10:12:56 IST" skipped="0">
  <testcase classname="com.geneuineCare.healthCare.adminTest.CreateAndDeleteDoctorbyAdminTest" name="createAndDeleteDoctorbyAdminTest" time="21.105"/>
  <system-out/>
  <testcase classname="com.geneuineCare.healthCare.adminTest.CreateAndDeleteDoctorbyAdminTest" name="createAndDeleteDoctorbyAdminTest" time="19.572"/>
  <system-out/>
</testsuite> <!-- com.geneuineCare.healthCare.adminTest.CreateAndDeleteDoctorbyAdminTest -->
