<?xml version="1.0" encoding="UTF-8"?>
<!-- Generated by org.testng.reporters.JUnitReportReporter -->
<testsuite hostname="LAPTOP-CUL491K4" failures="0" tests="1" name="com.geneuineCare.healthCare.doctorTest.AddMedicalHistoryByDoctor" time="12.935" errors="0" timestamp="2025-03-18T18:31:31 IST" skipped="0">
  <testcase classname="com.geneuineCare.healthCare.doctorTest.AddMedicalHistoryByDoctor" name="addMedicalHistoryByDoctor" time="12.935"/>
  <system-out/>
</testsuite> <!-- com.geneuineCare.healthCare.doctorTest.AddMedicalHistoryByDoctor -->
