<?xml version="1.0" encoding="UTF-8"?>
<!-- Generated by org.testng.reporters.JUnitReportReporter -->
<testsuite hostname="LAPTOP-CUL491K4" failures="0" tests="1" name="com.geneuineCare.healthCare.doctorTest.CreatePatientAndSearchby" time="19.503" errors="0" timestamp="2025-03-18T15:03:50 IST" skipped="0">
  <testcase classname="com.geneuineCare.healthCare.doctorTest.CreatePatientAndSearchby" name="createPatientTest" time="19.503"/>
  <system-out/>
</testsuite> <!-- com.geneuineCare.healthCare.doctorTest.CreatePatientAndSearchby -->
