<?xml version="1.0" encoding="UTF-8"?>
<!-- Generated by org.testng.reporters.JUnitReportReporter -->
<testsuite hostname="LAPTOP-CUL491K4" failures="0" tests="2" name="com.geneuineCare.healthCare.adminTest.CreateDoctorTest" time="32.212" errors="0" timestamp="2025-03-19T10:12:56 IST" skipped="0">
  <testcase classname="com.geneuineCare.healthCare.adminTest.CreateDoctorTest" name="createDoctorTest" time="13.853"/>
  <system-out/>
  <testcase classname="com.geneuineCare.healthCare.adminTest.CreateDoctorTest" name="createDoctorTest" time="18.359"/>
  <system-out/>
</testsuite> <!-- com.geneuineCare.healthCare.adminTest.CreateDoctorTest -->
