<?xml version="1.0" encoding="UTF-8"?>
<!-- Generated by org.testng.reporters.JUnitReportReporter -->
<testsuite hostname="LAPTOP-CUL491K4" failures="0" tests="1" name="com.geneuineCare.healthCare.patientTest.PatientLogingTest" time="4.047" errors="0" timestamp="2025-03-18T23:48:20 IST" skipped="0">
  <testcase classname="com.geneuineCare.healthCare.patientTest.PatientLogingTest" name="patientLogingTest" time="4.047"/>
  <system-out/>
</testsuite> <!-- com.geneuineCare.healthCare.patientTest.PatientLogingTest -->
