<?xml version="1.0" encoding="UTF-8"?>
<!-- Generated by org.testng.reporters.JUnitReportReporter -->
<testsuite hostname="LAPTOP-CUL491K4" failures="0" tests="1" name="com.geneuineCare.healthCare.patientTest.PatientAppointmentTest" time="8.611" errors="0" timestamp="2025-03-20T22:41:35 IST" skipped="0">
  <testcase classname="com.geneuineCare.healthCare.patientTest.PatientAppointmentTest" name="patientAppointmentTest" time="8.611"/>
  <system-out/>
</testsuite> <!-- com.geneuineCare.healthCare.patientTest.PatientAppointmentTest -->
