<?xml version="1.0" encoding="UTF-8"?>
<!-- Generated by org.testng.reporters.JUnitReportReporter -->
<testsuite hostname="LAPTOP-CUL491K4" failures="0" tests="1" name="com.geneuineCare.healthCare.adminTest.DeleteDoctorbyAdmin" time="12.929" errors="0" timestamp="2025-03-18T12:42:50 IST" skipped="0">
  <testcase classname="com.geneuineCare.healthCare.adminTest.DeleteDoctorbyAdmin" name="createAndDeleteDoctorTest" time="12.929"/>
  <system-out/>
</testsuite> <!-- com.geneuineCare.healthCare.adminTest.DeleteDoctorbyAdmin -->
