<?xml version="1.0" encoding="UTF-8"?>
<!-- Generated by org.testng.reporters.JUnitReportReporter -->
<testsuite hostname="LAPTOP-CUL491K4" failures="0" tests="1" name="com.geneuineCare.healthCare.patientTest.PatientLogingTestAndLogoutTest" time="7.679" errors="0" timestamp="2025-03-18T12:54:49 IST" skipped="0">
  <testcase classname="com.geneuineCare.healthCare.patientTest.PatientLogingTestAndLogoutTest" name="patientLogingAndLogoutTest" time="7.679"/>
  <system-out/>
</testsuite> <!-- com.geneuineCare.healthCare.patientTest.PatientLogingTestAndLogoutTest -->
