<?xml version="1.0" encoding="UTF-8"?>
<!-- Generated by org.testng.reporters.JUnitReportReporter -->
<testsuite hostname="LAPTOP-CUL491K4" failures="0" tests="1" name="com.geneuineCare.healthCare.adminTest.CreatePatientByAdmin" time="6.849" errors="0" timestamp="2025-03-18T11:02:33 IST" skipped="0">
  <testcase classname="com.geneuineCare.healthCare.adminTest.CreatePatientByAdmin" name="createDoctorTest" time="6.849"/>
  <system-out/>
</testsuite> <!-- com.geneuineCare.healthCare.adminTest.CreatePatientByAdmin -->
