<?xml version="1.0" encoding="UTF-8"?>
<!-- Generated by org.testng.reporters.JUnitReportReporter -->
<testsuite hostname="LAPTOP-CUL491K4" failures="0" tests="2" name="com.geneuineCare.healthCare.doctorTest.CreatePatientAndSearchbyNameTest" time="37.169" errors="0" timestamp="2025-03-19T10:12:56 IST" skipped="0">
  <testcase classname="com.geneuineCare.healthCare.doctorTest.CreatePatientAndSearchbyNameTest" name="createPatientAndSearchbyNameTest" time="14.914"/>
  <system-out/>
  <testcase classname="com.geneuineCare.healthCare.doctorTest.CreatePatientAndSearchbyNameTest" name="createPatientAndSearchbyNameTest" time="22.255"/>
  <system-out/>
</testsuite> <!-- com.geneuineCare.healthCare.doctorTest.CreatePatientAndSearchbyNameTest -->
