<?xml version="1.0" encoding="UTF-8"?>
<!-- Generated by org.testng.reporters.JUnitReportReporter -->
<testsuite hostname="LAPTOP-CUL491K4" failures="0" tests="1" name="com.geneuineCare.healthCare.patientTest.CreatePatientAccountTest" time="31.121" errors="0" timestamp="2025-03-19T10:00:44 IST" skipped="0">
  <testcase classname="com.geneuineCare.healthCare.patientTest.CreatePatientAccountTest" name="createPatientAccountTest" time="31.121"/>
  <system-out/>
</testsuite> <!-- com.geneuineCare.healthCare.patientTest.CreatePatientAccountTest -->
